#
# There is insufficient memory for the Java Runtime Environment to continue.
# Native memory allocation (mmap) failed to map 134217728 bytes for Failed to commit area from 0x0000000081a00000 to 0x0000000089a00000 of length 134217728.
# Possible reasons:
#   The system is out of physical RAM or swap space
#   The process is running with CompressedOops enabled, and the Java Heap may be blocking the growth of the native heap
# Possible solutions:
#   Reduce memory load on the system
#   Increase physical memory or swap space
#   Check if swap backing store is full
#   Decrease Java heap size (-Xmx/-Xms)
#   Decrease number of Java threads
#   Decrease Java thread stack sizes (-Xss)
#   Set larger code cache with -XX:ReservedCodeCacheSize=
# This output file may be truncated or incomplete.
#
#  Out of Memory Error (src/hotspot/os/windows/os_windows.cpp:3624), pid=8852, tid=2676
#
# JRE version:  (11.0.14.1+1) (build )
# Java VM: OpenJDK 64-Bit Server VM (11.0.14.1+1-b2043.45, mixed mode, sharing, tiered, compressed oops, g1 gc, windows-amd64)
# No core dump will be written. Minidumps are not enabled by default on client versions of Windows
#

---------------  S U M M A R Y ------------

Command Line: git4idea.http.GitAskPassApp Username for 'https://github.com': 

Host: Intel(R) Core(TM) i5-3230M CPU @ 2.60GHz, 4 cores, 7G,  Windows 11 , 64 bit Build 22000 (10.0.22000.318)
Time: Wed Sep 14 17:24:42 2022 RTZ 3 (зима) elapsed time: 0.014034 seconds (0d 0h 0m 0s)

---------------  T H R E A D  ---------------

Current thread (0x000001aea9ff3800):  JavaThread "Unknown thread" [_thread_in_vm, id=2676, stack(0x000000911a600000,0x000000911a700000)]

Stack: [0x000000911a600000,0x000000911a700000]
Native frames: (J=compiled Java code, j=interpreted, Vv=VM code, C=native code)
V  [jvm.dll+0x61618a]
V  [jvm.dll+0x79c450]
V  [jvm.dll+0x79da6d]
V  [jvm.dll+0x79e143]
V  [jvm.dll+0x24c968]
V  [jvm.dll+0x6131f4]
V  [jvm.dll+0x607ef5]
V  [jvm.dll+0x30b35b]
V  [jvm.dll+0x30b2ca]
V  [jvm.dll+0x30b1a2]
V  [jvm.dll+0x3100f6]
V  [jvm.dll+0x35b7e3]
V  [jvm.dll+0x35bee6]
V  [jvm.dll+0x35b8e3]
V  [jvm.dll+0x2e5b68]
V  [jvm.dll+0x2e6d17]
V  [jvm.dll+0x779087]
V  [jvm.dll+0x77a87c]
V  [jvm.dll+0x368d99]
V  [jvm.dll+0x75c9de]
V  [jvm.dll+0x3d6d53]
V  [jvm.dll+0x3d92f1]
C  [jli.dll+0x536b]
C  [ucrtbase.dll+0x26c0c]
C  [KERNEL32.DLL+0x154e0]
C  [ntdll.dll+0x485b]


---------------  P R O C E S S  ---------------

Threads class SMR info:
_java_thread_list=0x000001aea7dd4840, length=0, elements={
}

Java Threads: ( => current thread )

Other Threads:
  0x000001aea7eae000 GCTaskThread "GC Thread#0" [stack: 0x000000911a700000,0x000000911a800000] [id=2224]
  0x000001aeaa039800 ConcurrentGCThread "G1 Main Marker" [stack: 0x000000911a800000,0x000000911a900000] [id=8268]
  0x000001aeaa03a800 ConcurrentGCThread "G1 Conc#0" [stack: 0x000000911a900000,0x000000911aa00000] [id=8056]

[error occurred during error reporting (printing all threads), id 0xc0000005, EXCEPTION_ACCESS_VIOLATION (0xc0000005) at pc=0x00007ffd721f6177]

VM state:not at safepoint (not fully initialized)

VM Mutex/Monitor currently owned by a thread:  ([mutex/lock_event])
[0x000001aea9ff0000] Heap_lock - owner thread: 0x000001aea9ff3800

Heap address: 0x0000000081a00000, size: 2022 MB, Compressed Oops mode: Non-zero based: 0x0000000081a00000
Narrow klass base: 0x0000000000000000, Narrow klass shift: 0

GC Heap History (0 events):
No events

Deoptimization events (0 events):
No events

Classes redefined (0 events):
No events

Internal exceptions (0 events):
No events

Events (1 events):
Event: 0.007 Loaded shared library C:\Program Files\JetBrains\IntelliJ IDEA 2022.1.1\jbr\bin\zip.dll


Dynamic libraries:
0x00007ff777820000 - 0x00007ff77782a000 	C:\Program Files\JetBrains\IntelliJ IDEA 2022.1.1\jbr\bin\java.exe
0x00007ffda1fa0000 - 0x00007ffda21a7000 	C:\Windows\SYSTEM32\ntdll.dll
0x00007ffda0820000 - 0x00007ffda08dd000 	C:\Windows\System32\KERNEL32.DLL
0x00007ffd9f860000 - 0x00007ffd9fbd4000 	C:\Windows\System32\KERNELBASE.dll
0x00007ffd9f680000 - 0x00007ffd9f791000 	C:\Windows\System32\ucrtbase.dll
0x00007ffd93210000 - 0x00007ffd93226000 	C:\Program Files\JetBrains\IntelliJ IDEA 2022.1.1\jbr\bin\VCRUNTIME140.dll
0x00007ffd931f0000 - 0x00007ffd93209000 	C:\Program Files\JetBrains\IntelliJ IDEA 2022.1.1\jbr\bin\jli.dll
0x00007ffd9fe70000 - 0x00007ffda001c000 	C:\Windows\System32\USER32.dll
0x00007ffd9fbe0000 - 0x00007ffd9fc06000 	C:\Windows\System32\win32u.dll
0x00007ffd8eda0000 - 0x00007ffd8f045000 	C:\Windows\WinSxS\amd64_microsoft.windows.common-controls_6595b64144ccf1df_6.0.22000.120_none_9d947278b86cc467\COMCTL32.dll
0x00007ffda1a70000 - 0x00007ffda1a99000 	C:\Windows\System32\GDI32.dll
0x00007ffda19b0000 - 0x00007ffda1a53000 	C:\Windows\System32\msvcrt.dll
0x00007ffd9f4c0000 - 0x00007ffd9f5d2000 	C:\Windows\System32\gdi32full.dll
0x00007ffd9f5e0000 - 0x00007ffd9f67d000 	C:\Windows\System32\msvcp_win.dll
0x00007ffda07e0000 - 0x00007ffda0811000 	C:\Windows\System32\IMM32.DLL
0x00007ffd88120000 - 0x00007ffd881ca000 	C:\Program Files\JetBrains\IntelliJ IDEA 2022.1.1\jbr\bin\msvcp140.dll
0x00007ffd71f00000 - 0x00007ffd72a7a000 	C:\Program Files\JetBrains\IntelliJ IDEA 2022.1.1\jbr\bin\server\jvm.dll
0x00007ffda1aa0000 - 0x00007ffda1b4c000 	C:\Windows\System32\ADVAPI32.dll
0x00007ffda0b70000 - 0x00007ffda0c0d000 	C:\Windows\System32\sechost.dll
0x00007ffda1c40000 - 0x00007ffda1d61000 	C:\Windows\System32\RPCRT4.dll
0x00007ffda1a60000 - 0x00007ffda1a68000 	C:\Windows\System32\PSAPI.DLL
0x00007ffd99db0000 - 0x00007ffd99de3000 	C:\Windows\SYSTEM32\WINMM.dll
0x00007ffd8d8c0000 - 0x00007ffd8d8c9000 	C:\Windows\SYSTEM32\WSOCK32.dll
0x00007ffda0c10000 - 0x00007ffda0c7f000 	C:\Windows\System32\WS2_32.dll
0x00007ffd8fcc0000 - 0x00007ffd8fcca000 	C:\Windows\SYSTEM32\VERSION.dll
0x00007ffd9e5e0000 - 0x00007ffd9e5f8000 	C:\Windows\SYSTEM32\kernel.appcore.dll
0x00007ffd9b130000 - 0x00007ffd9b141000 	C:\Program Files\JetBrains\IntelliJ IDEA 2022.1.1\jbr\bin\verify.dll
0x00007ffd88240000 - 0x00007ffd88461000 	C:\Windows\SYSTEM32\DBGHELP.DLL
0x00007ffd9a960000 - 0x00007ffd9a991000 	C:\Windows\SYSTEM32\dbgcore.DLL
0x00007ffd9fc10000 - 0x00007ffd9fc90000 	C:\Windows\System32\bcryptPrimitives.dll
0x00007ffd9ab20000 - 0x00007ffd9ab49000 	C:\Program Files\JetBrains\IntelliJ IDEA 2022.1.1\jbr\bin\java.dll
0x00007ffd9c8e0000 - 0x00007ffd9c8eb000 	C:\Program Files\JetBrains\IntelliJ IDEA 2022.1.1\jbr\bin\jimage.dll
0x00007ffd9a940000 - 0x00007ffd9a959000 	C:\Program Files\JetBrains\IntelliJ IDEA 2022.1.1\jbr\bin\zip.dll

dbghelp: loaded successfully - version: 4.0.5 - missing functions: none
symbol engine: initialized successfully - sym options: 0x614 - pdb path: .;C:\Program Files\JetBrains\IntelliJ IDEA 2022.1.1\jbr\bin;C:\Windows\SYSTEM32;C:\Windows\WinSxS\amd64_microsoft.windows.common-controls_6595b64144ccf1df_6.0.22000.120_none_9d947278b86cc467;C:\Program Files\JetBrains\IntelliJ IDEA 2022.1.1\jbr\bin\server

VM Arguments:
java_command: git4idea.http.GitAskPassApp Username for 'https://github.com': 
java_class_path (initial): C:/Program Files/JetBrains/IntelliJ IDEA 2022.1.1/plugins/git4idea/lib/git4idea-rt.jar;C:/Program Files/JetBrains/IntelliJ IDEA 2022.1.1/lib/externalProcess-rt.jar;C:/Program Files/JetBrains/IntelliJ IDEA 2022.1.1/lib/app.jar;C:/Program Files/JetBrains/IntelliJ IDEA 2022.1.1/lib/3rd-party-rt.jar
Launcher Type: SUN_STANDARD

[Global flags]
     intx CICompilerCount                          = 3                                         {product} {ergonomic}
     uint ConcGCThreads                            = 1                                         {product} {ergonomic}
     uint G1ConcRefinementThreads                  = 4                                         {product} {ergonomic}
   size_t G1HeapRegionSize                         = 1048576                                   {product} {ergonomic}
    uintx GCDrainStackTargetSize                   = 64                                        {product} {ergonomic}
   size_t InitialHeapSize                          = 134217728                                 {product} {ergonomic}
   size_t MarkStackSize                            = 4194304                                   {product} {ergonomic}
   size_t MaxHeapSize                              = 2120220672                                {product} {ergonomic}
   size_t MinHeapDeltaBytes                        = 1048576                                   {product} {ergonomic}
    uintx NonNMethodCodeHeapSize                   = 5830732                                {pd product} {ergonomic}
    uintx NonProfiledCodeHeapSize                  = 122913754                              {pd product} {ergonomic}
    uintx ProfiledCodeHeapSize                     = 122913754                              {pd product} {ergonomic}
    uintx ReservedCodeCacheSize                    = 251658240                              {pd product} {ergonomic}
     bool SegmentedCodeCache                       = true                                      {product} {ergonomic}
     bool UseCompressedClassPointers               = true                                 {lp64_product} {ergonomic}
     bool UseCompressedOops                        = true                                 {lp64_product} {ergonomic}
     bool UseG1GC                                  = true                                      {product} {ergonomic}
     bool UseLargePagesIndividualAllocation        = false                                  {pd product} {ergonomic}

Logging:
Log output configuration:
 #0: stdout all=warning uptime,level,tags
 #1: stderr all=off uptime,level,tags

Environment Variables:
PATH=C:/Program Files/Git/mingw64/libexec/git-core;C:/Program Files/Git/mingw64/libexec/git-core;C:\Program Files\Git\mingw64\bin;C:\Program Files\Git\usr\bin;C:\Users\NoteBook\bin;C:\Windows\system32;C:\Windows;C:\Windows\System32\Wbem;C:\Windows\System32\WindowsPowerShell\v1.0\;C:\Program Files (x86)\ATI Technologies\ATI.ACE\Core-Static;C:\Program Files\Git\cmd;C:\Program Files (x86)\Common Files\Acronis\SnapAPI\;C:\Program Files\Docker\Docker\resources\bin;C:\ProgramData\DockerDesktop\version-bin;C:\Program Files\nodejs\;C:\Program Files\MySQL\MySQL Shell 8.0\bin\;C:\Users\NoteBook\AppData\Local\Microsoft\WindowsApps;C:\Program Files\JetBrains\IntelliJ IDEA Community Edition 2021.3.1\bin;C:\Program Files\JetBrains\IntelliJ IDEA 2022.1.1\bin;C:\Users\NoteBook\AppData\Roaming\npm
USERNAME=NoteBook
DISPLAY=:0.0
LC_ALL=en_US.UTF-8
OS=Windows_NT
PROCESSOR_IDENTIFIER=Intel64 Family 6 Model 58 Stepping 9, GenuineIntel



---------------  S Y S T E M  ---------------

OS: Windows 11 , 64 bit Build 22000 (10.0.22000.318)
OS uptime: 0 days 10:27 hours

CPU:total 4 (initial active 4) (2 cores per cpu, 2 threads per core) family 6 model 58 stepping 9 microcode 0x21, cmov, cx8, fxsr, mmx, sse, sse2, sse3, ssse3, sse4.1, sse4.2, popcnt, avx, aes, clmul, erms, ht, tsc, tscinvbit, tscinv

Memory: 4k page, system-wide physical 8084M (618M free)
TotalPageFile size 8084M (AvailPageFile size 100M)
current process WorkingSet (physical memory assigned to process): 10M, peak: 10M
current process commit charge ("private bytes"): 51M, peak: 179M

vm_info: OpenJDK 64-Bit Server VM (11.0.14.1+1-b2043.45) for windows-amd64 JRE (11.0.14.1+1-b2043.45), built on Apr 25 2022 05:49:45 by "" with MS VC++ 14.0 (VS2015)

END.
